Using pre-set license
Built from '2021.3/staging' branch; Version is '2021.3.9f1 (ad3870b89536) revision 11352176'; Using compiler version '192829333'; Build Type 'Release'
OS: 'Windows 11  (10.0.22000) 64bit CoreSingleLanguage' Language: 'es' Physical Memory: 13661 MB
BatchMode: 1, IsHumanControllingUs: 0, StartBugReporterOnCrash: 0, Is64bit: 1, IsPro: 1

COMMAND LINE ARGUMENTS:
C:\Program Files\Unity\Hub\Editor\2021.3.9f1\Editor\Unity.exe
-adb2
-batchMode
-noUpm
-name
AssetImportWorker0
-projectPath
E:/LUISILLO/Documents/GitHub/NijiNoHakai/Shadersparcial3
-logFile
Logs/AssetImportWorker0.log
-srvPort
60668
Successfully changed project path to: E:/LUISILLO/Documents/GitHub/NijiNoHakai/Shadersparcial3
E:/LUISILLO/Documents/GitHub/NijiNoHakai/Shadersparcial3
[UnityMemory] Configuration Parameters - Can be set up in boot.config
    "memorysetup-bucket-allocator-granularity=16"
    "memorysetup-bucket-allocator-bucket-count=8"
    "memorysetup-bucket-allocator-block-size=33554432"
    "memorysetup-bucket-allocator-block-count=8"
    "memorysetup-main-allocator-block-size=16777216"
    "memorysetup-thread-allocator-block-size=16777216"
    "memorysetup-gfx-main-allocator-block-size=16777216"
    "memorysetup-gfx-thread-allocator-block-size=16777216"
    "memorysetup-cache-allocator-block-size=4194304"
    "memorysetup-typetree-allocator-block-size=2097152"
    "memorysetup-profiler-bucket-allocator-granularity=16"
    "memorysetup-profiler-bucket-allocator-bucket-count=8"
    "memorysetup-profiler-bucket-allocator-block-size=33554432"
    "memorysetup-profiler-bucket-allocator-block-count=8"
    "memorysetup-profiler-allocator-block-size=16777216"
    "memorysetup-profiler-editor-allocator-block-size=1048576"
    "memorysetup-temp-allocator-size-main=16777216"
    "memorysetup-job-temp-allocator-block-size=2097152"
    "memorysetup-job-temp-allocator-block-size-background=1048576"
    "memorysetup-job-temp-allocator-reduction-small-platforms=262144"
    "memorysetup-temp-allocator-size-background-worker=32768"
    "memorysetup-temp-allocator-size-job-worker=262144"
    "memorysetup-temp-allocator-size-preload-manager=33554432"
    "memorysetup-temp-allocator-size-nav-mesh-worker=65536"
    "memorysetup-temp-allocator-size-audio-worker=65536"
    "memorysetup-temp-allocator-size-cloud-worker=32768"
    "memorysetup-temp-allocator-size-gi-baking-worker=262144"
    "memorysetup-temp-allocator-size-gfx=262144"
Refreshing native plugins compatible for Editor in 79.78 ms, found 3 plugins.
Preloading 0 native plugins for Editor in 0.00 ms.
Initialize engine version: 2021.3.9f1 (ad3870b89536)
[Subsystems] Discovering subsystems at path C:/Program Files/Unity/Hub/Editor/2021.3.9f1/Editor/Data/Resources/UnitySubsystems
[Subsystems] Discovering subsystems at path E:/LUISILLO/Documents/GitHub/NijiNoHakai/Shadersparcial3/Assets
GfxDevice: creating device client; threaded=0; jobified=0
Direct3D:
    Version:  Direct3D 11.0 [level 11.1]
    Renderer: NVIDIA GeForce GTX 1650 (ID=0x1f91)
    Vendor:   NVIDIA
    VRAM:     3962 MB
    Driver:   31.0.15.1694
Initialize mono
Mono path[0] = 'C:/Program Files/Unity/Hub/Editor/2021.3.9f1/Editor/Data/Managed'
Mono path[1] = 'C:/Program Files/Unity/Hub/Editor/2021.3.9f1/Editor/Data/MonoBleedingEdge/lib/mono/unityjit-win32'
Mono config path = 'C:/Program Files/Unity/Hub/Editor/2021.3.9f1/Editor/Data/MonoBleedingEdge/etc'
Using monoOptions --debugger-agent=transport=dt_socket,embedding=1,server=y,suspend=n,address=127.0.0.1:56568
Begin MonoManager ReloadAssembly
Registering precompiled unity dll's ...
Register platform support module: C:/Program Files/Unity/Hub/Editor/2021.3.9f1/Editor/Data/PlaybackEngines/WebGLSupport/UnityEditor.WebGL.Extensions.dll
Register platform support module: C:/Program Files/Unity/Hub/Editor/2021.3.9f1/Editor/Data/PlaybackEngines/AndroidPlayer/UnityEditor.Android.Extensions.dll
Register platform support module: C:/Program Files/Unity/Hub/Editor/2021.3.9f1/Editor/Data/PlaybackEngines/WindowsStandaloneSupport/UnityEditor.WindowsStandalone.Extensions.dll
Registered in 0.005825 seconds.
Native extension for WindowsStandalone target not found
Native extension for Android target not found
Native extension for WebGL target not found
Refreshing native plugins compatible for Editor in 94.82 ms, found 3 plugins.
Preloading 0 native plugins for Editor in 0.00 ms.
Mono: successfully reloaded assembly
- Completed reload, in  0.804 seconds
Domain Reload Profiling:
	ReloadAssembly (804ms)
		BeginReloadAssembly (75ms)
			ExecutionOrderSort (0ms)
			DisableScriptedObjects (0ms)
			BackupInstance (0ms)
			ReleaseScriptingObjects (0ms)
			CreateAndSetChildDomain (1ms)
		EndReloadAssembly (596ms)
			LoadAssemblies (74ms)
			RebuildTransferFunctionScriptingTraits (0ms)
			SetupTypeCache (130ms)
			ReleaseScriptCaches (0ms)
			RebuildScriptCaches (62ms)
			SetupLoadedEditorAssemblies (333ms)
				LogAssemblyErrors (0ms)
				InitializePlatformSupportModulesInManaged (72ms)
				SetLoadedEditorAssemblies (0ms)
				RefreshPlugins (95ms)
				BeforeProcessingInitializeOnLoad (1ms)
				ProcessInitializeOnLoadAttributes (116ms)
				ProcessInitializeOnLoadMethodAttributes (49ms)
				AfterProcessingInitializeOnLoad (0ms)
				EditorAssembliesLoaded (0ms)
			ExecutionOrderSort2 (0ms)
			AwakeInstancesAfterBackupRestoration (0ms)
Platform modules already initialized, skipping
Registering precompiled user dll's ...
Registered in 0.005895 seconds.
Begin MonoManager ReloadAssembly
Symbol file LoadedFromMemory doesn't match image E:\LUISILLO\Documents\GitHub\NijiNoHakai\Shadersparcial3\Library\PackageCache\com.unity.visualscripting@1.7.8\Editor\VisualScripting.Core\Dependencies\YamlDotNet\Unity.VisualScripting.YamlDotNet.dll
Symbol file LoadedFromMemory doesn't match image E:\LUISILLO\Documents\GitHub\NijiNoHakai\Shadersparcial3\Library\PackageCache\com.unity.visualscripting@1.7.8\Editor\VisualScripting.Core\Dependencies\DotNetZip\Unity.VisualScripting.IonicZip.dll
Native extension for WindowsStandalone target not found
Native extension for Android target not found
Native extension for WebGL target not found
Refreshing native plugins compatible for Editor in 0.77 ms, found 3 plugins.
Preloading 0 native plugins for Editor in 0.00 ms.
Mono: successfully reloaded assembly
- Completed reload, in  1.321 seconds
Domain Reload Profiling:
	ReloadAssembly (1322ms)
		BeginReloadAssembly (275ms)
			ExecutionOrderSort (0ms)
			DisableScriptedObjects (8ms)
			BackupInstance (0ms)
			ReleaseScriptingObjects (0ms)
			CreateAndSetChildDomain (126ms)
		EndReloadAssembly (922ms)
			LoadAssemblies (96ms)
			RebuildTransferFunctionScriptingTraits (0ms)
			SetupTypeCache (314ms)
			ReleaseScriptCaches (1ms)
			RebuildScriptCaches (52ms)
			SetupLoadedEditorAssemblies (408ms)
				LogAssemblyErrors (0ms)
				InitializePlatformSupportModulesInManaged (15ms)
				SetLoadedEditorAssemblies (0ms)
				RefreshPlugins (1ms)
				BeforeProcessingInitializeOnLoad (90ms)
				ProcessInitializeOnLoadAttributes (266ms)
				ProcessInitializeOnLoadMethodAttributes (28ms)
				AfterProcessingInitializeOnLoad (6ms)
				EditorAssembliesLoaded (0ms)
			ExecutionOrderSort2 (0ms)
			AwakeInstancesAfterBackupRestoration (6ms)
Platform modules already initialized, skipping
========================================================================
Worker process is ready to serve import requests
Launched and connected shader compiler UnityShaderCompiler.exe after 0.05 seconds
Refreshing native plugins compatible for Editor in 0.62 ms, found 3 plugins.
Preloading 0 native plugins for Editor in 0.00 ms.
Unloading 3382 Unused Serialized files (Serialized files now loaded: 0)
Unloading 27 unused Assets / (112.0 KB). Loaded Objects now: 3842.
Memory consumption went from 117.4 MB to 117.3 MB.
Total: 3.508300 ms (FindLiveObjects: 0.355600 ms CreateObjectMapping: 0.235500 ms MarkObjects: 2.795400 ms  DeleteObjects: 0.120700 ms)

AssetImportParameters requested are different than current active one (requested -> active):
  custom:video-decoder-ogg-theora: a1e56fd34408186e4bbccfd4996cb3dc -> 
  custom:container-muxer-webm: aa71ff27fc2769a1b78a27578f13a17b -> 
  custom:container-demuxer-webm: 4f35f7cbe854078d1ac9338744f61a02 -> 
  custom:video-encoder-webm-vp8: eb34c28f22e8b96e1ab97ce403110664 -> 
  custom:audio-encoder-webm-vorbis: bf7c407c2cedff20999df2af8eb42d56 -> 
  custom:framework-win-MediaFoundation: 216162199b28c13a410421893ffa2e32 -> 
  custom:container-demuxer-ogg: 62fdf1f143b41e24485cea50d1cbac27 -> 
  custom:video-decoder-webm-vp8: 9c59270c3fd7afecdb556c50c9e8de78 -> 
  custom:audio-decoder-ogg-vorbis: bf7c407c2cedff20999df2af8eb42d56 -> 
========================================================================
Received Import Request.
  Time since last request: 1939.146536 seconds.
  path: Assets/Materials/New Material.mat
  artifactKey: Guid(983695c5936dda84d907de659a1bd70a) Importer(815301076,1909f56bfc062723c751e8b465ee728b)
Start importing Assets/Materials/New Material.mat using Guid(983695c5936dda84d907de659a1bd70a) Importer(815301076,1909f56bfc062723c751e8b465ee728b)  -> (artifact id: 'ba4f574dce6f04f78e8dac7d86915ef4') in 0.140322 seconds 
========================================================================
Received Import Request.
  Time since last request: 12.141108 seconds.
  path: Assets/Materials/Leaves.mat
  artifactKey: Guid(983695c5936dda84d907de659a1bd70a) Importer(815301076,1909f56bfc062723c751e8b465ee728b)
Start importing Assets/Materials/Leaves.mat using Guid(983695c5936dda84d907de659a1bd70a) Importer(815301076,1909f56bfc062723c751e8b465ee728b)  -> (artifact id: '541f3098bbea06377b34f7f20cb380b2') in 0.013811 seconds 
========================================================================
Received Import Request.
  Time since last request: 76.488762 seconds.
  path: Assets/Shaders/Leaves.shader
  artifactKey: Guid(b5612df0ff65934468b3e95ccdf0fece) Importer(815301076,1909f56bfc062723c751e8b465ee728b)
Start importing Assets/Shaders/Leaves.shader using Guid(b5612df0ff65934468b3e95ccdf0fece) Importer(815301076,1909f56bfc062723c751e8b465ee728b)  -> (artifact id: '098832d0ddee585ca2f39230fa4a00d5') in 0.005464 seconds 
========================================================================
Received Prepare
Registering precompiled user dll's ...
Registered in 0.005644 seconds.
Begin MonoManager ReloadAssembly
Symbol file LoadedFromMemory doesn't match image E:\LUISILLO\Documents\GitHub\NijiNoHakai\Shadersparcial3\Library\PackageCache\com.unity.visualscripting@1.7.8\Editor\VisualScripting.Core\Dependencies\YamlDotNet\Unity.VisualScripting.YamlDotNet.dll
Symbol file LoadedFromMemory doesn't match image E:\LUISILLO\Documents\GitHub\NijiNoHakai\Shadersparcial3\Library\PackageCache\com.unity.visualscripting@1.7.8\Editor\VisualScripting.Core\Dependencies\DotNetZip\Unity.VisualScripting.IonicZip.dll
Native extension for WindowsStandalone target not found
Native extension for Android target not found
Native extension for WebGL target not found
Refreshing native plugins compatible for Editor in 0.78 ms, found 3 plugins.
Preloading 0 native plugins for Editor in 0.00 ms.
Mono: successfully reloaded assembly
- Completed reload, in  1.157 seconds
Domain Reload Profiling:
	ReloadAssembly (1158ms)
		BeginReloadAssembly (160ms)
			ExecutionOrderSort (0ms)
			DisableScriptedObjects (7ms)
			BackupInstance (0ms)
			ReleaseScriptingObjects (0ms)
			CreateAndSetChildDomain (39ms)
		EndReloadAssembly (860ms)
			LoadAssemblies (107ms)
			RebuildTransferFunctionScriptingTraits (0ms)
			SetupTypeCache (314ms)
			ReleaseScriptCaches (2ms)
			RebuildScriptCaches (47ms)
			SetupLoadedEditorAssemblies (355ms)
				LogAssemblyErrors (0ms)
				InitializePlatformSupportModulesInManaged (23ms)
				SetLoadedEditorAssemblies (0ms)
				RefreshPlugins (1ms)
				BeforeProcessingInitializeOnLoad (73ms)
				ProcessInitializeOnLoadAttributes (220ms)
				ProcessInitializeOnLoadMethodAttributes (28ms)
				AfterProcessingInitializeOnLoad (9ms)
				EditorAssembliesLoaded (0ms)
			ExecutionOrderSort2 (0ms)
			AwakeInstancesAfterBackupRestoration (7ms)
Platform modules already initialized, skipping
Refreshing native plugins compatible for Editor in 1.63 ms, found 3 plugins.
Preloading 0 native plugins for Editor in 0.00 ms.
Unloading 3376 Unused Serialized files (Serialized files now loaded: 0)
Unloading 21 unused Assets / (497.8 KB). Loaded Objects now: 3885.
Memory consumption went from 122.2 MB to 121.7 MB.
Total: 3.107300 ms (FindLiveObjects: 0.241200 ms CreateObjectMapping: 0.139000 ms MarkObjects: 2.498900 ms  DeleteObjects: 0.227500 ms)

AssetImportParameters requested are different than current active one (requested -> active):
  custom:video-decoder-ogg-theora: a1e56fd34408186e4bbccfd4996cb3dc -> 
  custom:container-muxer-webm: aa71ff27fc2769a1b78a27578f13a17b -> 
  custom:container-demuxer-webm: 4f35f7cbe854078d1ac9338744f61a02 -> 
  custom:video-encoder-webm-vp8: eb34c28f22e8b96e1ab97ce403110664 -> 
  custom:audio-encoder-webm-vorbis: bf7c407c2cedff20999df2af8eb42d56 -> 
  custom:framework-win-MediaFoundation: 216162199b28c13a410421893ffa2e32 -> 
  custom:container-demuxer-ogg: 62fdf1f143b41e24485cea50d1cbac27 -> 
  custom:video-decoder-webm-vp8: 9c59270c3fd7afecdb556c50c9e8de78 -> 
  custom:audio-decoder-ogg-vorbis: bf7c407c2cedff20999df2af8eb42d56 -> 
========================================================================
Received Import Request.
  Time since last request: 112.109576 seconds.
  path: Assets/Shaders/Leaves.shader
  artifactKey: Guid(b5612df0ff65934468b3e95ccdf0fece) Importer(815301076,1909f56bfc062723c751e8b465ee728b)
Start importing Assets/Shaders/Leaves.shader using Guid(b5612df0ff65934468b3e95ccdf0fece) Importer(815301076,1909f56bfc062723c751e8b465ee728b)  -> (artifact id: '65530ce2b1b983ead3e86f30d5aa31c9') in 0.024516 seconds 
========================================================================
Received Import Request.
  Time since last request: 60.653345 seconds.
  path: Assets/Shaders/Leaves.shader
  artifactKey: Guid(b5612df0ff65934468b3e95ccdf0fece) Importer(815301076,1909f56bfc062723c751e8b465ee728b)
Start importing Assets/Shaders/Leaves.shader using Guid(b5612df0ff65934468b3e95ccdf0fece) Importer(815301076,1909f56bfc062723c751e8b465ee728b)  -> (artifact id: '0e0d03d1b312bfb9a20a4f164056302a') in 0.008721 seconds 
========================================================================
Received Import Request.
  Time since last request: 11.897204 seconds.
  path: Assets/Shaders/Leaves.shader
  artifactKey: Guid(b5612df0ff65934468b3e95ccdf0fece) Importer(815301076,1909f56bfc062723c751e8b465ee728b)
Start importing Assets/Shaders/Leaves.shader using Guid(b5612df0ff65934468b3e95ccdf0fece) Importer(815301076,1909f56bfc062723c751e8b465ee728b)  -> (artifact id: '595d17b44834f1082b59775e83f8eefe') in 0.005381 seconds 
========================================================================
Received Import Request.
  Time since last request: 1836.387932 seconds.
  path: Assets/Materials/Leaves.mat
  artifactKey: Guid(983695c5936dda84d907de659a1bd70a) Importer(815301076,1909f56bfc062723c751e8b465ee728b)
Start importing Assets/Materials/Leaves.mat using Guid(983695c5936dda84d907de659a1bd70a) Importer(815301076,1909f56bfc062723c751e8b465ee728b)  -> (artifact id: '994753953f52aabb163436529ee96052') in 0.175057 seconds 
========================================================================
Received Import Request.
  Time since last request: 7.642689 seconds.
  path: Assets/Standard Assets
  artifactKey: Guid(09082fb36e9486b4a846115720af70cd) Importer(815301076,1909f56bfc062723c751e8b465ee728b)
Start importing Assets/Standard Assets using Guid(09082fb36e9486b4a846115720af70cd) Importer(815301076,1909f56bfc062723c751e8b465ee728b)  -> (artifact id: 'c71f288abf7bb47cab00b31e816cc194') in 0.006340 seconds 
========================================================================
Received Import Request.
  Time since last request: 4.703731 seconds.
  path: Assets/Standard Assets/Vehicles
  artifactKey: Guid(951e86b9c29e52f4ca2659071e7a9cb0) Importer(815301076,1909f56bfc062723c751e8b465ee728b)
Start importing Assets/Standard Assets/Vehicles using Guid(951e86b9c29e52f4ca2659071e7a9cb0) Importer(815301076,1909f56bfc062723c751e8b465ee728b)  -> (artifact id: '2c27fe31a4765c11592cd85400084790') in 0.005993 seconds 
========================================================================
Received Import Request.
  Time since last request: 0.719232 seconds.
  path: Assets/Standard Assets/Vehicles/Car
  artifactKey: Guid(09cfa44c71dfd864283e08dc3fa7fb4b) Importer(815301076,1909f56bfc062723c751e8b465ee728b)
Start importing Assets/Standard Assets/Vehicles/Car using Guid(09cfa44c71dfd864283e08dc3fa7fb4b) Importer(815301076,1909f56bfc062723c751e8b465ee728b)  -> (artifact id: '4fc3c6031df6b831efca23e0e71d5b13') in 0.005529 seconds 
========================================================================
Received Import Request.
  Time since last request: 0.598925 seconds.
  path: Assets/Standard Assets/Vehicles/Car/Models
  artifactKey: Guid(6368f4c411282e0448e9431054707929) Importer(815301076,1909f56bfc062723c751e8b465ee728b)
Start importing Assets/Standard Assets/Vehicles/Car/Models using Guid(6368f4c411282e0448e9431054707929) Importer(815301076,1909f56bfc062723c751e8b465ee728b)  -> (artifact id: '7747899563698843108ac444b04ebb9b') in 0.005407 seconds 
========================================================================
Received Import Request.
  Time since last request: 0.084763 seconds.
  path: Assets/Standard Assets/Vehicles/Car/Models/SkyCar.fbx
  artifactKey: Guid(e6fec471c20b9d148b1f87910e67bea4) Importer(815301076,1909f56bfc062723c751e8b465ee728b)
Start importing Assets/Standard Assets/Vehicles/Car/Models/SkyCar.fbx using Guid(e6fec471c20b9d148b1f87910e67bea4) Importer(815301076,1909f56bfc062723c751e8b465ee728b)  -> (artifact id: '285e25a4a666eaac610984bfc568954f') in 0.169311 seconds 
========================================================================
Received Import Request.
  Time since last request: 20.316782 seconds.
  path: Assets/Standard Assets/Vehicles/Car/Models/Materials
  artifactKey: Guid(00293f2dc6dba71469ad9fc27d7e2fb6) Importer(815301076,1909f56bfc062723c751e8b465ee728b)
Start importing Assets/Standard Assets/Vehicles/Car/Models/Materials using Guid(00293f2dc6dba71469ad9fc27d7e2fb6) Importer(815301076,1909f56bfc062723c751e8b465ee728b)  -> (artifact id: '7b98cb7a11e4844fb4594083d922770c') in 0.008092 seconds 
========================================================================
Received Import Request.
  Time since last request: 0.026665 seconds.
  path: Assets/Standard Assets/Vehicles/Car/Models/Materials/SkyCarBodyWhite.mat
  artifactKey: Guid(c7d3c69d6c518b24a82d61f2b9caf127) Importer(815301076,1909f56bfc062723c751e8b465ee728b)
Start importing Assets/Standard Assets/Vehicles/Car/Models/Materials/SkyCarBodyWhite.mat using Guid(c7d3c69d6c518b24a82d61f2b9caf127) Importer(815301076,1909f56bfc062723c751e8b465ee728b)  -> (artifact id: 'e29eb48130f744bc1695101b23c66b5a') in 0.015263 seconds 
========================================================================
Received Import Request.
  Time since last request: 0.000017 seconds.
  path: Assets/Standard Assets/Vehicles/Car/Models/Materials/SkyCarLightGlows.mat
  artifactKey: Guid(5c65ba0f577b8f343a416fd1087d0514) Importer(815301076,1909f56bfc062723c751e8b465ee728b)
Start importing Assets/Standard Assets/Vehicles/Car/Models/Materials/SkyCarLightGlows.mat using Guid(5c65ba0f577b8f343a416fd1087d0514) Importer(815301076,1909f56bfc062723c751e8b465ee728b)  -> (artifact id: 'de491d25ef20efc20618dd7cf7576384') in 0.017300 seconds 
========================================================================
Received Import Request.
  Time since last request: 0.000025 seconds.
  path: Assets/Standard Assets/Vehicles/Car/Models/Materials/SkyCarWheelWhite.mat
  artifactKey: Guid(ccd592fb84ecdd14382c94a50c34472e) Importer(815301076,1909f56bfc062723c751e8b465ee728b)
Start importing Assets/Standard Assets/Vehicles/Car/Models/Materials/SkyCarWheelWhite.mat using Guid(ccd592fb84ecdd14382c94a50c34472e) Importer(815301076,1909f56bfc062723c751e8b465ee728b)  -> (artifact id: '30d066f322d5d8e7ca7fcb3204fd64f5') in 0.020463 seconds 
========================================================================
Received Import Request.
  Time since last request: 151.344120 seconds.
  path: Assets/Materials/Car.mat
  artifactKey: Guid(318a831009c62d041ba1cd7b981806ae) Importer(815301076,1909f56bfc062723c751e8b465ee728b)
Start importing Assets/Materials/Car.mat using Guid(318a831009c62d041ba1cd7b981806ae) Importer(815301076,1909f56bfc062723c751e8b465ee728b)  -> (artifact id: '64a81e4e8ad1475c5a3991d58550e8cf') in 0.013103 seconds 
========================================================================
Received Import Request.
  Time since last request: 76.828429 seconds.
  path: Assets/Materials/Leaves.mat
  artifactKey: Guid(983695c5936dda84d907de659a1bd70a) Importer(815301076,1909f56bfc062723c751e8b465ee728b)
Start importing Assets/Materials/Leaves.mat using Guid(983695c5936dda84d907de659a1bd70a) Importer(815301076,1909f56bfc062723c751e8b465ee728b)  -> (artifact id: '6e31c4fa58967cec64deddeb55feba25') in 0.162974 seconds 
========================================================================
Received Import Request.
  Time since last request: 173.052826 seconds.
  path: Assets/Shaders/Car.shader
  artifactKey: Guid(cbb4b703dca325342a285c00f4f42ca5) Importer(815301076,1909f56bfc062723c751e8b465ee728b)
Start importing Assets/Shaders/Car.shader using Guid(cbb4b703dca325342a285c00f4f42ca5) Importer(815301076,1909f56bfc062723c751e8b465ee728b)  -> (artifact id: '6354c20aa32d2ed126ad5816716b8682') in 0.004133 seconds 
========================================================================
Received Import Request.
  Time since last request: 21.103081 seconds.
  path: Assets/Shaders/Car.shader
  artifactKey: Guid(cbb4b703dca325342a285c00f4f42ca5) Importer(815301076,1909f56bfc062723c751e8b465ee728b)
Start importing Assets/Shaders/Car.shader using Guid(cbb4b703dca325342a285c00f4f42ca5) Importer(815301076,1909f56bfc062723c751e8b465ee728b)  -> (artifact id: 'e5e21060cb42ad7c1b31715b08e16c73') in 0.004397 seconds 
========================================================================
Received Import Request.
  Time since last request: 5.502751 seconds.
  path: Assets/Shaders/Car.shader
  artifactKey: Guid(cbb4b703dca325342a285c00f4f42ca5) Importer(815301076,1909f56bfc062723c751e8b465ee728b)
Start importing Assets/Shaders/Car.shader using Guid(cbb4b703dca325342a285c00f4f42ca5) Importer(815301076,1909f56bfc062723c751e8b465ee728b)  -> (artifact id: '584b5ec0c2ad77229f373db150164035') in 0.002882 seconds 
========================================================================
Received Import Request.
  Time since last request: 23.850876 seconds.
  path: Assets/Shaders/Car.shader
  artifactKey: Guid(cbb4b703dca325342a285c00f4f42ca5) Importer(815301076,1909f56bfc062723c751e8b465ee728b)
Start importing Assets/Shaders/Car.shader using Guid(cbb4b703dca325342a285c00f4f42ca5) Importer(815301076,1909f56bfc062723c751e8b465ee728b)  -> (artifact id: '8bd0bb88e10c152eb739c8d480d2e665') in 0.003163 seconds 
========================================================================
Received Import Request.
  Time since last request: 29.370474 seconds.
  path: Assets/Shaders/Car.shader
  artifactKey: Guid(cbb4b703dca325342a285c00f4f42ca5) Importer(815301076,1909f56bfc062723c751e8b465ee728b)
Start importing Assets/Shaders/Car.shader using Guid(cbb4b703dca325342a285c00f4f42ca5) Importer(815301076,1909f56bfc062723c751e8b465ee728b)  -> (artifact id: 'ce824be6029965e3429ae35143c6f0f9') in 0.003143 seconds 
========================================================================
Received Import Request.
  Time since last request: 43.961376 seconds.
  path: Assets/Shaders/Car.shader
  artifactKey: Guid(cbb4b703dca325342a285c00f4f42ca5) Importer(815301076,1909f56bfc062723c751e8b465ee728b)
Start importing Assets/Shaders/Car.shader using Guid(cbb4b703dca325342a285c00f4f42ca5) Importer(815301076,1909f56bfc062723c751e8b465ee728b)  -> (artifact id: '77713d3b699aa1a885b811d294f4edd6') in 0.005997 seconds 
========================================================================
Received Import Request.
  Time since last request: 22.241056 seconds.
  path: Assets/Shaders/Car.shader
  artifactKey: Guid(cbb4b703dca325342a285c00f4f42ca5) Importer(815301076,1909f56bfc062723c751e8b465ee728b)
Start importing Assets/Shaders/Car.shader using Guid(cbb4b703dca325342a285c00f4f42ca5) Importer(815301076,1909f56bfc062723c751e8b465ee728b)  -> (artifact id: 'f4add17af30c0f08d6839966f35f3d5c') in 0.002832 seconds 
========================================================================
Received Import Request.
  Time since last request: 93.443515 seconds.
  path: Assets/Shaders/Car.shader
  artifactKey: Guid(cbb4b703dca325342a285c00f4f42ca5) Importer(815301076,1909f56bfc062723c751e8b465ee728b)
Start importing Assets/Shaders/Car.shader using Guid(cbb4b703dca325342a285c00f4f42ca5) Importer(815301076,1909f56bfc062723c751e8b465ee728b)  -> (artifact id: 'd29fb37db9ea96bd5de3cc7f17e0d6cb') in 0.003007 seconds 
========================================================================
Received Import Request.
  Time since last request: 48.031126 seconds.
  path: Assets/Shaders/Car.shader
  artifactKey: Guid(cbb4b703dca325342a285c00f4f42ca5) Importer(815301076,1909f56bfc062723c751e8b465ee728b)
Start importing Assets/Shaders/Car.shader using Guid(cbb4b703dca325342a285c00f4f42ca5) Importer(815301076,1909f56bfc062723c751e8b465ee728b)  -> (artifact id: '34e1ada3fce4dac8a5939f1c429f9390') in 0.002914 seconds 
========================================================================
Received Import Request.
  Time since last request: 2383.106808 seconds.
  path: Assets/Materials/Car.mat
  artifactKey: Guid(318a831009c62d041ba1cd7b981806ae) Importer(815301076,1909f56bfc062723c751e8b465ee728b)
Start importing Assets/Materials/Car.mat using Guid(318a831009c62d041ba1cd7b981806ae) Importer(815301076,1909f56bfc062723c751e8b465ee728b)  -> (artifact id: 'de490050e5a509044c76bd64c9a96701') in 0.297528 seconds 
